# /base-system/
	- Based on latest 22.04 release of Ubuntu LTS
	- Based on latest Ubuntu generic-kernel 
	- Can boot with UEFI (efi keys) and MBR partition scheme
	- Use of latest release of Cubic Wizard:
		· iso = ubuntu jammy
		· name = base-system
		· version = alpha
		· terminal = apt update && apt upgrade // "Packages TO INSTALL" // "DELETED Packages"
		· compression = xz
	- (Personal info)
		· Each version is tested by me at first:
			1.- Virtual Machine (Vmware Workstation) - "live" and install
			2.- USB stick with MBR - "live" and install
			3.- USB stick with GPT - "live" and install 
	- Non published on Github repository
	- Non MINIMAL version
	
	- Packages TO INSTALL:
		* linux-firmware
		* intel-microcode, amd64-microcode
		* tlp
		+ dpkg add architecture i386
	- DELETED Packages:
		* snapd (all packages too)
		* thunderbird*
		* gnome-calculator
		* gedit
		* ubuntu-software
		* libreoffice*
		* aisleriot
		* baobab
		* cheese
		* deja-dup
		* duplicity
		* gnome-calendar
		* gnome-font-viewer
		* gnome-mahjongg
		* gnome-mines
		* gnome-sudoku
		* gnome-todo, gnome-todo-common
		* gnome-user-docs
		* gnome-video-effects
		* remmina*
		* rhythmbox*
		* totem*
		* usb-creator-gtk
		

# /System/base
	- Generate grub configuration file (remove splash)
	- DELETED Packages:
		* ntfsprogs

# /System/The_Triassic
	- Switched to a friendly version name "The Triassic"
	- Updated sources.list file
	- Packages TO INSTALL:
		* kdeconnect, nautilus-kdeconnect
		* fonts-liberation
		* google-chrome-stable (deb)
		* nvidia-driver-525 (puede ser fallo)
		* software-properties-gtk
		* gnome-disk-utility
		* ntfs-3g
		* ubuntu-restricted-extras
		* libdvd-pkg
			·dpkg-reconfigure libdvd-pkg
		* transmission
		* krita
		* steam-client (deb)
		* playonlinux
			·python ·imagemagick ·icoutils ·jq
		* Wine64
		* Waydroid (deb+sources)
		* Spotify-Client
		* Scrcpy + ADB
		+ WebApps (Webapp Manager - deb)
			·Geforce Now ·Twitter ·Instagram ·Tiktok ·Youtube-Music ·Youtube ·Office.com ·Google Drive ·Gmail
			·Google Maps ·Google Find My ·Google Messages ·Google Meet ·Whatsapp Web ·Netflix ·Disney+ ·Hbo MAX
			·Prime Video
	- Packages REMOVED:
		* plymouth
			rm -rf /usr/share/plymouth
	- Added "sources.list":
		* universe
			add-apt-repository universe
		* Google Chrome
		* DeepinOS
			add-apt-repository ppa:ubuntudde-dev/stable
		* Steam-Client
		* Spotify-Client
			wget -O- https://download.spotify.com/debian/pubkey.gpg | apt-key add -
			add-apt-repository "deb http://repository.spotify.com stable non-free"
	- Remove all original backgrounds, splash screens, wallpapers
	
# /System/The_Triassic v1.1
	- Removed sources.list file from repository due to an incoming change
	- Attempt to remove "Imagemagick" icon from apps launcher
	- Disabled release-updates and edited more configs
		· nano /etc/apt/apt.conf.d/
		· /etc/update-motd.d/
	- Packages REMOVED:
		* eog
		* gcr
		* gnome-characters
		* gnome-logs
		* ubuntu-docs

